<?xml version="1.0" encoding="UTF-8"?>
<!-- Generated by org.testng.reporters.JUnitReportReporter -->
<testsuite hostname="Atmika" failures="0" tests="1" name="allComorbidities_recepies.Model" time="597.205" errors="0" timestamp="2023-12-13T22:57:13 PST" skipped="0">
  <testcase classname="allComorbidities_recepies.Model" name="recipeSearch" time="597.205"/>
  <system-out/>
</testsuite> <!-- allComorbidities_recepies.Model -->
